// SPDX-License-Identifier: MIT
pragma solidity 0.8.30;

//import "@sygma/sygma-contracts/contracts/interfaces/IGenericHandler.sol";
//import "@sygma/sygma-contracts/contracts/interfaces/IBridge.sol";

/**
 * @title SygmaMessageSender
 * @dev Sends cross-chain messages via Sygma GMP
 */
contract SygmaMessageSender {
    // Sygma Bridge contract address
    address public bridge;
    
    // Domain IDs for different chains
    uint8 public constant ETHEREUM_DOMAIN_ID = 1;
    uint8 public constant POLYGON_DOMAIN_ID = 2;
    uint8 public constant BSC_DOMAIN_ID = 3;
    uint8 public constant AVALANCHE_DOMAIN_ID = 4;
    
    // Message events
    event MessageSent(
        bytes32 indexed messageId,
        uint8 destinationDomain,
        address destinationContract,
        string message,
        address sender,
        uint256 timestamp
    );
    
    event MessageStatus(
        bytes32 indexed messageId,
        bool success,
        bytes result
    );
    
    modifier onlyBridge() {
        require(msg.sender == bridge, "Only bridge can call");
        _;
    }
    
    constructor(address _bridge) {
        bridge = _bridge;
    }
    
    /**
     * @dev Send a simple cross-chain message
     * @param destinationDomain The domain ID of destination chain
     * @param destinationContract The address of contract on destination chain
     * @param message The message to send
     * @param fee The cross-chain fee
     */
    function sendCrossChainMessage(
        uint8 destinationDomain,
        address destinationContract,
        string calldata message,
        uint256 fee
    ) external payable returns (bytes32) {
        require(msg.value >= fee, "Insufficient fee");
        
        // Encode the function call for destination
        bytes memory data = abi.encodeWithSignature(
            "receiveMessage(string,address,uint8)",
            message,
            msg.sender,
            destinationDomain
        );
        
        // Prepare call data for Sygma bridge
        bytes memory callData = abi.encode(
            destinationContract, // Target contract on destination
            data                // Function call data
        );
        
        // Generate unique message ID
        bytes32 messageId = keccak256(abi.encodePacked(
            block.timestamp,
            msg.sender,
            destinationDomain,
            message
        ));
        
        // Deposit to bridge
        IBridge(bridge).deposit{value: fee}(
            destinationDomain,          // Destination domain ID
            address(this),              // Resource ID (this contract as resource)
            callData,                   // Call data
            fee                         // Fee
        );
        
        emit MessageSent(
            messageId,
            destinationDomain,
            destinationContract,
            message,
            msg.sender,
            block.timestamp
        );
        
        return messageId;
    }
    
    /**
     * @dev Send message with token transfer
     */
    function sendMessageWithTransfer(
        uint8 destinationDomain,
        address destinationContract,
        string calldata message,
        address tokenAddress,
        uint256 amount,
        uint256 fee
    ) external payable returns (bytes32) {
        require(msg.value >= fee, "Insufficient fee");
        
        // Encode transfer data
        bytes memory data = abi.encodeWithSignature(
            "receiveMessageWithTransfer(string,address,uint8,address,uint256)",
            message,
            msg.sender,
            destinationDomain,
            tokenAddress,
            amount
        );
        
        bytes memory callData = abi.encode(
            destinationContract,
            data
        );
        
        bytes32 messageId = keccak256(abi.encodePacked(
            block.timestamp,
            msg.sender,
            destinationDomain,
            message,
            amount
        ));
        
        // Transfer tokens to this contract first
        // (Assuming ERC20 token with transferFrom)
        
        IBridge(bridge).deposit{value: fee}(
            destinationDomain,
            tokenAddress,  // Resource ID for token
            callData,
            fee
        );
        
        emit MessageSent(
            messageId,
            destinationDomain,
            destinationContract,
            string(abi.encodePacked(message, " with transfer: ", amount)),
            msg.sender,
            block.timestamp
        );
        
        return messageId;
    }
    
    /**
     * @dev Batch send messages to multiple chains
     */
    function batchSendMessages(
        uint8[] calldata destinationDomains,
        address[] calldata destinationContracts,
        string[] calldata messages,
        uint256 totalFee
    ) external payable returns (bytes32[] memory) {
        require(msg.value >= totalFee, "Insufficient fee");
        require(destinationDomains.length == destinationContracts.length, "Array length mismatch");
        require(destinationContracts.length == messages.length, "Array length mismatch");
        
        bytes32[] memory messageIds = new bytes32[](destinationDomains.length);
        uint256 individualFee = totalFee / destinationDomains.length;
        
        for (uint i = 0; i < destinationDomains.length; i++) {
            bytes memory data = abi.encodeWithSignature(
                "receiveMessage(string,address,uint8)",
                messages[i],
                msg.sender,
                destinationDomains[i]
            );
            
            bytes memory callData = abi.encode(
                destinationContracts[i],
                data
            );
            
            messageIds[i] = keccak256(abi.encodePacked(
                block.timestamp,
                msg.sender,
                destinationDomains[i],
                messages[i],
                i
            ));
            
            IBridge(bridge).deposit{value: individualFee}(
                destinationDomains[i],
                address(this),
                callData,
                individualFee
            );
            
            emit MessageSent(
                messageIds[i],
                destinationDomains[i],
                destinationContracts[i],
                messages[i],
                msg.sender,
                block.timestamp
            );
        }
        
        return messageIds;
    }
    
    /**
     * @dev Handle execution results from destination chain
     */
    function handleExecutionResult(
        bytes32 messageId,
        bool success,
        bytes memory result
    ) external onlyBridge {
        emit MessageStatus(messageId, success, result);
    }
    
    // Receive funds for fees
    receive() external payable {}
}
